0 info it worked if it ends with ok
1 verbose cli [ '/Users/saulecabrera/.nvm/versions/node/v0.12.0/bin/node',
1 verbose cli   '/Users/saulecabrera/.nvm/versions/node/v0.12.0/bin/npm',
1 verbose cli   'publish',
1 verbose cli   './' ]
2 info using npm@2.5.1
3 info using node@v0.12.0
4 verbose publish [ './' ]
5 silly cache add args [ './', null ]
6 verbose cache add spec ./
7 silly cache add parsed spec { raw: './',
7 silly cache add   scope: null,
7 silly cache add   name: null,
7 silly cache add   rawSpec: './',
7 silly cache add   spec: '/Users/saulecabrera/Developer/react-accordion',
7 silly cache add   type: 'directory' }
8 verbose addLocalDirectory /Users/saulecabrera/.npm/react-accordion/1.0.0/package.tgz not in flight; packing
9 verbose tar pack [ '/Users/saulecabrera/.npm/react-accordion/1.0.0/package.tgz',
9 verbose tar pack   '/Users/saulecabrera/Developer/react-accordion' ]
10 verbose tarball /Users/saulecabrera/.npm/react-accordion/1.0.0/package.tgz
11 verbose folder /Users/saulecabrera/Developer/react-accordion
12 info prepublish react-accordion@1.0.0
13 verbose addLocalTarball adding from inside cache /Users/saulecabrera/.npm/react-accordion/1.0.0/package.tgz
14 silly cache afterAdd react-accordion@1.0.0
15 verbose afterAdd /Users/saulecabrera/.npm/react-accordion/1.0.0/package/package.json not in flight; writing
16 verbose afterAdd /Users/saulecabrera/.npm/react-accordion/1.0.0/package/package.json written
17 silly publish { name: 'react-accordion',
17 silly publish   version: '1.0.0',
17 silly publish   description: 'An accordion written in React',
17 silly publish   main: 'js/accordion.js',
17 silly publish   scripts: { test: 'echo "Error: no test specified" && exit 1' },
17 silly publish   keywords: [ 'accordion', 'react', 'component' ],
17 silly publish   author:
17 silly publish    { name: 'Saúl Cabrera',
17 silly publish      email: 'saulecabrera@gmail.com',
17 silly publish      url: 'saulecabrera' },
17 silly publish   license: 'MIT',
17 silly publish   devDependencies: { gulp: '^3.9.0', 'gulp-react': '^3.0.1' },
17 silly publish   dependencies: { react: '^0.13.3' },
17 silly publish   readme: '#React Accordion\n\n<center>\n![](accordion_logo.jpg)\n</center>\n',
17 silly publish   readmeFilename: 'README.md',
17 silly publish   gitHead: '61ae7cf148963e7f6ae76541c9477557ccea17fd',
17 silly publish   _id: 'react-accordion@1.0.0',
17 silly publish   _shasum: '7e3769c0e0df3bc0208b71a0c9ebffdfc244afbe',
17 silly publish   _from: '.' }
18 silly mapToRegistry name react-accordion
19 silly mapToRegistry using default registry
20 silly mapToRegistry registry https://registry.npmjs.org/
21 silly mapToRegistry uri https://registry.npmjs.org/react-accordion
22 verbose publish registryBase https://registry.npmjs.org/
23 silly publish uploading /Users/saulecabrera/.npm/react-accordion/1.0.0/package.tgz
24 verbose request uri https://registry.npmjs.org/react-accordion
25 verbose request sending authorization for write operation
26 info attempt registry request try #1 at 7:27:28 PM
27 verbose request using bearer token for auth
28 verbose request id ac382f2d36d79866
29 http request PUT https://registry.npmjs.org/react-accordion
30 http 403 https://registry.npmjs.org/react-accordion
31 verbose headers { 'content-type': 'application/json',
31 verbose headers   'cache-control': 'max-age=60',
31 verbose headers   'content-length': '107',
31 verbose headers   'accept-ranges': 'bytes',
31 verbose headers   date: 'Wed, 29 Jul 2015 23:27:03 GMT',
31 verbose headers   via: '1.1 varnish',
31 verbose headers   connection: 'keep-alive',
31 verbose headers   'x-served-by': 'cache-atl6230-ATL',
31 verbose headers   'x-cache': 'MISS',
31 verbose headers   'x-cache-hits': '0',
31 verbose headers   'x-timer': 'S1438212419.577682,VS0,VE3472' }
32 verbose request invalidating /Users/saulecabrera/.npm/registry.npmjs.org/react-accordion on PUT
33 error publish Failed PUT 403
34 verbose stack Error: You do not have permission to publish 'react-accordion'. Are you logged in as the correct user? : react-accordion
34 verbose stack     at CachingRegistryClient.<anonymous> (/Users/saulecabrera/.nvm/versions/node/v0.12.0/lib/node_modules/npm/node_modules/npm-registry-client/lib/request.js:254:14)
34 verbose stack     at Request._callback (/Users/saulecabrera/.nvm/versions/node/v0.12.0/lib/node_modules/npm/node_modules/npm-registry-client/lib/request.js:178:14)
34 verbose stack     at Request.self.callback (/Users/saulecabrera/.nvm/versions/node/v0.12.0/lib/node_modules/npm/node_modules/request/request.js:344:22)
34 verbose stack     at Request.emit (events.js:110:17)
34 verbose stack     at Request.<anonymous> (/Users/saulecabrera/.nvm/versions/node/v0.12.0/lib/node_modules/npm/node_modules/request/request.js:1239:14)
34 verbose stack     at Request.emit (events.js:129:20)
34 verbose stack     at IncomingMessage.<anonymous> (/Users/saulecabrera/.nvm/versions/node/v0.12.0/lib/node_modules/npm/node_modules/request/request.js:1187:12)
34 verbose stack     at IncomingMessage.emit (events.js:129:20)
34 verbose stack     at _stream_readable.js:908:16
34 verbose stack     at process._tickCallback (node.js:355:11)
35 verbose statusCode 403
36 verbose pkgid react-accordion
37 verbose cwd /Users/saulecabrera/Developer/react-accordion
38 error Darwin 14.4.0
39 error argv "/Users/saulecabrera/.nvm/versions/node/v0.12.0/bin/node" "/Users/saulecabrera/.nvm/versions/node/v0.12.0/bin/npm" "publish" "./"
40 error node v0.12.0
41 error npm  v2.5.1
42 error code E403
43 error You do not have permission to publish 'react-accordion'. Are you logged in as the correct user? : react-accordion
44 error If you need help, you may report this error at:
44 error     <http://github.com/npm/npm/issues>
45 verbose exit [ 1, true ]
